c:\users\luvletteru.desktop-6087loo\source\repos\sim6\sim6\debug\ex2.pch
c:\users\luvletteru.desktop-6087loo\source\repos\sim6\sim6\debug\vc141.pdb
c:\users\luvletteru.desktop-6087loo\source\repos\sim6\sim6\debug\vc141.idb
c:\users\luvletteru.desktop-6087loo\source\repos\sim6\sim6\debug\stdafx.obj
c:\users\luvletteru.desktop-6087loo\source\repos\sim6\sim6\debug\ex2.obj
c:\users\luvletteru.desktop-6087loo\source\repos\ex2\sim6\debug\ex2.pch
c:\users\luvletteru.desktop-6087loo\source\repos\ex2\sim6\debug\vc141.pdb
c:\users\luvletteru.desktop-6087loo\source\repos\ex2\sim6\debug\vc141.idb
c:\users\luvletteru.desktop-6087loo\source\repos\ex2\sim6\debug\stdafx.obj
c:\users\luvletteru.desktop-6087loo\source\repos\ex2\sim6\debug\ex2.obj
c:\users\luvletteru.desktop-6087loo\source\repos\sim6\debug\ex2.ilk
c:\users\luvletteru.desktop-6087loo\source\repos\sim6\debug\ex2.exe
c:\users\luvletteru.desktop-6087loo\source\repos\sim6\debug\ex2.pdb
c:\users\luvletteru.desktop-6087loo\source\repos\ex2\debug\ex2.ilk
c:\users\luvletteru.desktop-6087loo\source\repos\ex2\debug\ex2.exe
c:\users\luvletteru.desktop-6087loo\source\repos\ex2\debug\ex2.pdb
c:\users\luvletteru.desktop-6087loo\source\repos\ex2\sim6\debug\sim6.obj
c:\users\luvletteru.desktop-6087loo\source\repos\ex2\sim6\debug\sim6.pch
c:\users\luvletteru.desktop-6087loo\source\repos\ex2\sim6\debug\ex2.tlog\cl.command.1.tlog
c:\users\luvletteru.desktop-6087loo\source\repos\ex2\sim6\debug\ex2.tlog\cl.read.1.tlog
c:\users\luvletteru.desktop-6087loo\source\repos\ex2\sim6\debug\ex2.tlog\cl.write.1.tlog
c:\users\luvletteru.desktop-6087loo\source\repos\ex2\sim6\debug\ex2.tlog\link.command.1.tlog
c:\users\luvletteru.desktop-6087loo\source\repos\ex2\sim6\debug\ex2.tlog\link.read.1.tlog
c:\users\luvletteru.desktop-6087loo\source\repos\ex2\sim6\debug\ex2.tlog\link.write.1.tlog
